<?xml version="1.0" encoding="UTF-8"?>
<!-- Generated by org.testng.reporters.JUnitReportReporter -->
<testsuite hostname="DESKTOP-IDVLP9L" failures="0" tests="1" name="TestCases.TC03_HotelBook" time="33.325" errors="0" timestamp="2024-08-25T22:35:00 IST" skipped="0">
  <testcase classname="TestCases.TC03_HotelBook" name="BookHotel" time="33.325"/>
</testsuite> <!-- TestCases.TC03_HotelBook -->
