<?xml version="1.0" encoding="UTF-8"?>
<!-- Generated by org.testng.reporters.JUnitReportReporter -->
<testsuite hostname="DESKTOP-IDVLP9L" failures="0" tests="1" name="TestCases.TC02_Login" time="32.412" errors="0" timestamp="2024-08-12T19:02:19 IST" skipped="0">
  <testcase classname="TestCases.TC02_Login" name="Login" time="32.412"/>
</testsuite> <!-- TestCases.TC02_Login -->
